[backblue.gif]
[fade.gif]
[index.html]
[okkellmaks/index.html]
[okkellmaks/home/index.html]
[okkellmaks/home/img/choose/choose-5.png]
[okkellmaks/home/img/favicon.png]
[okkellmaks/home/css/font-awesome.min.css]
[okkellmaks/home/css/elegant-icons.css]
[okkellmaks/home/css/nice-select.css]
[okkellmaks/home/css/magnific-popup.css]
[okkellmaks/home/css/jquery-ui.min.css]
[okkellmaks/home/css/owl.carousel.min.css]
[okkellmaks/home/css/style.css]
[okkellmaks/home/pluinstyle.css]
[okkellmaks/home/plugins.css]
[cdnjs.cloudflare.com/ajax/libs/font-awesome/6.5.2/css/all.min.css]
[cdn.jsdelivr.net/npm/@icon/themify-icons@1.0.1-alpha.3/themify-icons.min.css]
[okkellmaks/home/style2/lib/animate/animate.min.css]
[okkellmaks/home/style2/lib/lightbox/css/lightbox.min.css]
[okkellmaks/home/style2/lib/owlcarousel/assets/owl.carousel.min.css]
[okkellmaks/home/style2/css/bootstrap.min.css]
[okkellmaks/home/style2/css/style.css]
[cdn.jsdelivr.net/npm/bootstrap-icons@1.11.3/font/bootstrap-icons.min.css]
[use.fontawesome.com/releases/v5.15.4/css/all.css]
[cdn.jsdelivr.net/npm/bootstrap-icons@1.4.1/font/bootstrap-icons.css]
[okkellmaks/home/css/aos.css]
[okkellmaks/home/js/aos.js]
[okkellmaks/home/img/logo.png]
[okkellmaks/home/appbb6a.html]
[okkellmaks/home/index-2.html]
[okkellmaks/home/personal-loan.html]
[okkellmaks/home/business-loan.html]
[okkellmaks/home/home-loan.html]
[okkellmaks/home/education-loan.html]
[okkellmaks/home/carloan.html]
[okkellmaks/home/insurance.html]
[okkellmaks/home/about.html]
[okkellmaks/home/testmonial.html]
[okkellmaks/home/contact.html]
[okkellmaks/home/app1f2b.html]
[okkellmaks/home/app2150.html]
[okkellmaks/home/appd7d5.html]
[okkellmaks/home/appa467.html]
[okkellmaks/home/app.html]
[images.unsplash.com/39/lIZrwvbeRuuzqOoWJUEn_Photoaday_CSD (1 of 1)-56762.jpg]
[okkellmaks/home/app7277.html]
[loan.websitelayout.net/img/about/about-2.jpg]
[rcs.co.za/media/eqhl35ks/loans-get-you-loan-banner-596x382accf.jpg]
[okkellmaks/home/img/about/video-play.png]
[rcs.co.za/media/chxdnr2l/home-page-banners-1920x464accf.jpg]
[okkellmaks/home/img/latest/lb-1.png]
[okkellmaks/home/img/latest/lb-2.png]
[okkellmaks/home/img/latest/lb-3.png]
[loan.websitelayout.net/js/main.js]
[loan.websitelayout.net/js/core.min.js]
[loan.websitelayout.net/js/jquery.min.js]
[loan.websitelayout.net/quform/js/plugins.js]
[loan.websitelayout.net/quform/js/scripts.js]
[okkellmaks/home/js/popper.min.js]
[okkellmaks/home/js/bootstrap.mtin.js]
[ajax.googleapis.com/ajax/libs/jquery/3.6.4/jquery.min.js]
[cdn.jsdelivr.net/npm/bootstrap@5.0.0/dist/js/bootstrap.bundle.min.js]
[okkellmaks/home/style2/lib/wow/wow.min.js]
[okkellmaks/home/style2/lib/easing/easing.min.js]
[okkellmaks/home/style2/lib/waypoints/waypoints.min.js]
[okkellmaks/home/style2/lib/counterup/counterup.min.js]
[okkellmaks/home/style2/lib/lightbox/js/lightbox.min.js]
[okkellmaks/home/style2/lib/owlcarousel/owl.carousel.min.js]
[okkellmaks/home/style2/js/main.js]
[okkellmaks/home/js/jquery-3.3.1.min.js]
[okkellmaks/home/js/bootstrap.min.js]
[okkellmaks/home/js/jquery.nice-select.min.js]
[okkellmaks/home/js/jquery-ui.min.js]
[okkellmaks/home/js/jquery.nicescroll.min.js]
[okkellmaks/home/js/jquery.magnific-popup.min.js]
[okkellmaks/home/js/jquery.slicknav.js]
[okkellmaks/home/js/owl.carousel.min.js]
[okkellmaks/home/js/main.js]
[okkellmaks/home/index.html]
[okkellmaks/home/fonts/fontawesome-webfont3e6e.eot]
[okkellmaks/home/fonts/fontawesome-webfontd41d.eot]
[okkellmaks/home/fonts/fontawesome-webfont3e6e.woff2]
[okkellmaks/home/fonts/fontawesome-webfont3e6e.woff]
[okkellmaks/home/fonts/fontawesome-webfont3e6e.ttf]
[okkellmaks/home/css/font-awesome.min.css]
[okkellmaks/home/fonts/ElegantIcons.eot]
[okkellmaks/home/fonts/fontawesome-webfont3e6e.svg]
[okkellmaks/home/fonts/ElegantIconsd41d.eot]
[okkellmaks/home/fonts/ElegantIcons.woff]
[okkellmaks/home/fonts/ElegantIcons.ttf]
[okkellmaks/home/css/elegant-icons.css]
[okkellmaks/home/css/nice-select.css]
[okkellmaks/home/css/magnific-popup.css]
[okkellmaks/home/fonts/ElegantIcons.svg]
[okkellmaks/home/css/jquery-ui.min.css]
[okkellmaks/home/css/owl.carousel.min.css]
[okkellmaks/home/css/style.css]
[okkellmaks/home/plugins.css]
[okkellmaks/home/pluinstyle.css]
[cdnjs.cloudflare.com/ajax/libs/font-awesome/6.5.2/css/all.min.css]
[cdn.jsdelivr.net/npm/@icon/themify-icons@1.0.1-alpha.3/themify-icons.eot]
[cdn.jsdelivr.net/npm/@icon/themify-icons@1.0.1-alpha.3/themify-iconsd41d.eot]
[cdn.jsdelivr.net/npm/@icon/themify-icons@1.0.1-alpha.3/themify-icons.woff]
[cdn.jsdelivr.net/npm/@icon/themify-icons@1.0.1-alpha.3/themify-icons.ttf]
[cdn.jsdelivr.net/npm/@icon/themify-icons@1.0.1-alpha.3/themify-icons.min.css]
[okkellmaks/home/style2/lib/animate/animate.min.css]
[cdn.jsdelivr.net/npm/@icon/themify-icons@1.0.1-alpha.3/themify-icons.svg]
[okkellmaks/home/style2/lib/lightbox/images/loading.gif]
[okkellmaks/home/style2/lib/lightbox/css/lightbox.min.css]
[okkellmaks/home/style2/lib/owlcarousel/assets/owl.video.play.png]
[okkellmaks/home/style2/lib/owlcarousel/assets/owl.carousel.min.css]
[okkellmaks/home/style2/css/bootstrap.min.css]
[okkellmaks/home/style2/css/style.css]
[cdn.jsdelivr.net/npm/bootstrap-icons@1.11.3/font/fonts/bootstrap-icons0107.woff2]
[cdn.jsdelivr.net/npm/bootstrap-icons@1.11.3/font/fonts/bootstrap-icons0107.woff]
[cdn.jsdelivr.net/npm/bootstrap-icons@1.11.3/font/bootstrap-icons.min.css]
[use.fontawesome.com/releases/v5.15.4/css/all.css]
[cdn.jsdelivr.net/npm/bootstrap-icons@1.4.1/font/fonts/bootstrap-iconsfb95.woff2]
[cdn.jsdelivr.net/npm/bootstrap-icons@1.4.1/font/bootstrap-icons.css]
[cdn.jsdelivr.net/npm/bootstrap-icons@1.4.1/font/fonts/bootstrap-iconsfb95.woff]
[okkellmaks/home/css/aos.css]
[cdn.jsdelivr.net/npm/bootstrap@5.3.3/dist/css/bootstrap.min.css]
[okkellmaks/home/css/slicknav.min.css]
[code.jquery.com/jquery-3.7.1.js]
[ajax.googleapis.com/ajax/libs/jquery/3.6.0/jquery.min.js]
[okkellmaks/home/appbb6a.html]
[cdn.jsdelivr.net/npm/bootstrap@5.3.3/dist/js/bootstrap.bundle.min.js]
[okkellmaks/home/index-2.html]
[okkellmaks/home/css/bootstrap.min.css]
[okkellmaks/home/personal-loan.html]
[okkellmaks/home/business-loan.html]
[okkellmaks/home/home-loan.html]
[okkellmaks/home/education-loan.html]
[okkellmaks/home/carloan.html]
[okkellmaks/home/terms.html]
[rcs.co.za/media/1gwdp2fi/insurance-banners-596x375-extra-images2accf.jpg]
[rcs.co.za/media/bikcmhgb/insurance-banners-596x3754accf.jpg]
[rcs.co.za/media/vnxl5jqv/insurance-banners-596x375accf.jpg]
[okkellmaks/home/insurance.html]
[okkellmaks/home/about.html]
[okkellmaks/home/img/breadcrumb/breadcrumb-bg.jpg]
[okkellmaks/home/testmonial.html]
[okkellmaks/home/img/page-title.jpg]
[okkellmaks/home/img/StockCake-Customer Service Smile_1731680149.jpg]
[okkellmaks/home/contact.html]
[images.stockcake.com/public/e/6/7/e6783750-cbb3-4fd7-9b6a-548038000f66_large/joyful-friends-together-stockcake.html]
[okkellmaks/home/app1f2b.html]
[images.stockcake.com/public/e/7/4/e749da7a-f83b-4f7b-b04d-2325809a877a_large/joyful-group-interaction-stockcake.html]
[okkellmaks/home/app2150.html]
[images.stockcake.com/public/b/a/4/ba430ddd-4f88-4284-9fd3-c2c94af58b22_large/car-sold-joy-stockcake.html]
[okkellmaks/home/appd7d5.html]
[images.stockcake.com/public/8/2/4/824eb313-88cb-442b-99ef-d8039947a0d2_large/urban-tech-connection-stockcake.html]
[images.stockcake.com/public/5/2/b/52b37bd8-9945-4f82-91b1-adf06f031b72_large/outdoor-business-lunch-stockcake.html]
[okkellmaks/home/appa467.html]
[images.stockcake.com/public/4/c/2/4c2a951e-7162-449e-8e75-3069c42a3d91_large/family-home-sold-stockcake.html]
[okkellmaks/home/app.html]
[images.stockcake.com/public/7/2/1/72177592-a7b3-48e7-9449-0e32b258ac98_large/meeting-at-cafe-stockcake.html]
[okkellmaks/home/app7277.html]
[images.stockcake.com/public/f/e/a/feaabe9b-fa23-400d-a8e7-8822656cb089_large/cafe-collaboration-space-stockcake.html]
[okkellmaks/home/fonts/fontawesome-webfont3e6e.svg]
[okkellmaks/home/fonts/ElegantIcons.svg]
[okkellmaks/home/css/images/ui-icons_444444_256x240.html]
[okkellmaks/home/css/images/ui-icons_555555_256x240.html]
[okkellmaks/home/css/images/ui-icons_ffffff_256x240.html]
[okkellmaks/home/css/images/ui-icons_777620_256x240.html]
[okkellmaks/home/css/images/ui-icons_cc0000_256x240.html]
[okkellmaks/home/css/images/ui-icons_777777_256x240.html]
[okkellmaks/home/css/owl.video.play.html]
[okkellmaks/fonts/fa-brands-400.html]
[okkellmaks/fonts/fa-brands-400d41d.html]
[okkellmaks/fonts/fa-brands-401.html]
[okkellmaks/fonts/fa-brands-402.html]
[okkellmaks/fonts/fa-brands-403.html]
[okkellmaks/fonts/fa-brands-404.html]
[okkellmaks/fonts/fa-regular-400.html]
[okkellmaks/fonts/fa-regular-400d41d.html]
[okkellmaks/fonts/fa-regular-401.html]
[okkellmaks/fonts/fa-regular-402.html]
[okkellmaks/fonts/fa-regular-403.html]
[okkellmaks/fonts/fa-regular-404.html]
[okkellmaks/fonts/fa-solid-900.html]
[okkellmaks/fonts/fa-solid-900d41d.html]
[okkellmaks/fonts/fa-solid-901.html]
[okkellmaks/fonts/fa-solid-902.html]
[okkellmaks/fonts/fa-solid-903.html]
[okkellmaks/fonts/fa-solid-904.html]
[okkellmaks/fonts/themify9f24.html]
[okkellmaks/fonts/themifyd41d.html]
[okkellmaks/fonts/themify9f24-2.html]
[okkellmaks/fonts/themify9f24-3.html]
[okkellmaks/fonts/themify9f24-4.html]
[okkellmaks/home/owl.video.play.html]
[okkellmaks/fonts/lg8306.html]
[okkellmaks/fonts/lg8306-2.html]
[okkellmaks/fonts/lg8306-3.html]
[okkellmaks/img/icons/vimeo-play.html]
[okkellmaks/img/icons/video-play.html]
[okkellmaks/img/icons/youtube-play.html]
[okkellmaks/img/content/loading.html]
[cdn.jsdelivr.net/npm/@icon/themify-icons@1.0.1-alpha.3/themify-icons.svg]
[okkellmaks/home/style2/img/bg-breadcrumb.html]
[cdn.jsdelivr.net/npm/bootstrap@5.3.3/dist/css/bootstrap.min.css]
[okkellmaks/home/css/slicknav.min.css]
[okkellmaks/home/css/bootstrap.min.css]
[okkellmaks/home/img/call-bg.jpg]
[okkellmaks/home/terms.html]
[images.stockcake.com/public/2/1/e/21eaabe7-21ac-4ac8-a3fa-cfe0e88abf3c_large/confident-business-leader-stockcake.html]
[images.stockcake.com/public/e/b/9/eb9ee7ad-561f-4d3c-be5d-3de5ca7183dc_large/confident-professional-woman-stockcake.html]
[images.stockcake.com/public/f/f/d/ffd05cfa-5696-4981-b4f5-6f6b352ae6dc_large/confident-business-leader-stockcake.html]
[images.stockcake.com/public/d/7/d/d7d8c1c4-0a19-4af0-ba39-c0a8a9ae0724_large/confident-business-professional-stockcake.html]
[images.stockcake.com/public/2/1/8/218f444b-d164-43af-a34e-9cfe3edfb0ff_large/smiling-professional-man-stockcake.html]
